INFO - 2024-12-09 04:07:42 --> Session: Class initialized using 'CodeIgniter\Session\Handlers\FileHandler' driver.
INFO - 2024-12-09 04:10:28 --> Session: Class initialized using 'CodeIgniter\Session\Handlers\FileHandler' driver.
INFO - 2024-12-09 04:10:35 --> Session: Class initialized using 'CodeIgniter\Session\Handlers\FileHandler' driver.
INFO - 2024-12-09 04:10:54 --> Session: Class initialized using 'CodeIgniter\Session\Handlers\FileHandler' driver.
INFO - 2024-12-09 04:10:54 --> Session: Class initialized using 'CodeIgniter\Session\Handlers\FileHandler' driver.
INFO - 2024-12-09 04:11:09 --> Session: Class initialized using 'CodeIgniter\Session\Handlers\FileHandler' driver.
INFO - 2024-12-09 04:11:12 --> Session: Class initialized using 'CodeIgniter\Session\Handlers\FileHandler' driver.
INFO - 2024-12-09 04:11:21 --> Session: Class initialized using 'CodeIgniter\Session\Handlers\FileHandler' driver.
ERROR - 2024-12-09 04:11:21 --> mysqli_sql_exception: Duplicate entry '11' for key 'id_dokter' in C:\xampp\htdocs\rumahsakitpemweblan\system\Database\MySQLi\Connection.php:312
Stack trace:
#0 C:\xampp\htdocs\rumahsakitpemweblan\system\Database\MySQLi\Connection.php(312): mysqli->query('INSERT INTO `ja...', 0)
#1 C:\xampp\htdocs\rumahsakitpemweblan\system\Database\BaseConnection.php(734): CodeIgniter\Database\MySQLi\Connection->execute('INSERT INTO `ja...')
#2 C:\xampp\htdocs\rumahsakitpemweblan\system\Database\BaseConnection.php(648): CodeIgniter\Database\BaseConnection->simpleQuery('INSERT INTO `ja...')
#3 C:\xampp\htdocs\rumahsakitpemweblan\system\Database\BaseBuilder.php(2340): CodeIgniter\Database\BaseConnection->query('INSERT INTO `ja...', Array, false)
#4 C:\xampp\htdocs\rumahsakitpemweblan\app\Models\JadwalDokterModel.php(16): CodeIgniter\Database\BaseBuilder->insert(Array)
#5 C:\xampp\htdocs\rumahsakitpemweblan\app\Controllers\JadwalDokter.php(45): App\Models\JadwalDokterModel->insertData(Array)
#6 C:\xampp\htdocs\rumahsakitpemweblan\system\CodeIgniter.php(933): App\Controllers\JadwalDokter->submit()
#7 C:\xampp\htdocs\rumahsakitpemweblan\system\CodeIgniter.php(509): CodeIgniter\CodeIgniter->runController(Object(App\Controllers\JadwalDokter))
#8 C:\xampp\htdocs\rumahsakitpemweblan\system\CodeIgniter.php(355): CodeIgniter\CodeIgniter->handleRequest(NULL, Object(Config\Cache), false)
#9 C:\xampp\htdocs\rumahsakitpemweblan\system\Boot.php(325): CodeIgniter\CodeIgniter->run()
#10 C:\xampp\htdocs\rumahsakitpemweblan\system\Boot.php(67): CodeIgniter\Boot::runCodeIgniter(Object(CodeIgniter\CodeIgniter))
#11 C:\xampp\htdocs\rumahsakitpemweblan\public\index.php(56): CodeIgniter\Boot::bootWeb(Object(Config\Paths))
#12 {main}
CRITICAL - 2024-12-09 04:11:21 --> CodeIgniter\Database\Exceptions\DatabaseException: Duplicate entry '11' for key 'id_dokter'
[Method: POST, Route: sirs/jadwaldokter/submit]
in SYSTEMPATH\Database\BaseConnection.php on line 688.
 1 SYSTEMPATH\Database\BaseBuilder.php(2340): CodeIgniter\Database\BaseConnection->query('INSERT INTO `jadwal` (`id_dokter`, `hari`, `waktu_mulai`, `waktu_selesai`) VALUES (:id_dokter:, :hari:, :waktu_mulai:, :waktu_selesai:)', [...], false)
 2 APPPATH\Models\JadwalDokterModel.php(16): CodeIgniter\Database\BaseBuilder->insert([...])
 3 APPPATH\Controllers\JadwalDokter.php(45): App\Models\JadwalDokterModel->insertData([...])
 4 SYSTEMPATH\CodeIgniter.php(933): App\Controllers\JadwalDokter->submit()
 5 SYSTEMPATH\CodeIgniter.php(509): CodeIgniter\CodeIgniter->runController(Object(App\Controllers\JadwalDokter))
 6 SYSTEMPATH\CodeIgniter.php(355): CodeIgniter\CodeIgniter->handleRequest(null, Object(Config\Cache), false)
 7 SYSTEMPATH\Boot.php(325): CodeIgniter\CodeIgniter->run()
 8 SYSTEMPATH\Boot.php(67): CodeIgniter\Boot::runCodeIgniter(Object(CodeIgniter\CodeIgniter))
 9 FCPATH\index.php(56): CodeIgniter\Boot::bootWeb(Object(Config\Paths))
CRITICAL - 2024-12-09 04:11:21 --> [Caused by] CodeIgniter\Database\Exceptions\DatabaseException: Duplicate entry '11' for key 'id_dokter'
in SYSTEMPATH\Database\MySQLi\Connection.php on line 317.
 1 SYSTEMPATH\Database\BaseConnection.php(734): CodeIgniter\Database\MySQLi\Connection->execute('INSERT INTO `jadwal` (`id_dokter`, `hari`, `waktu_mulai`, `waktu_selesai`) VALUES (\'11\', \'Jumat\', \'07:00\', \'12:00\')')
 2 SYSTEMPATH\Database\BaseConnection.php(648): CodeIgniter\Database\BaseConnection->simpleQuery('INSERT INTO `jadwal` (`id_dokter`, `hari`, `waktu_mulai`, `waktu_selesai`) VALUES (\'11\', \'Jumat\', \'07:00\', \'12:00\')')
 3 SYSTEMPATH\Database\BaseBuilder.php(2340): CodeIgniter\Database\BaseConnection->query('INSERT INTO `jadwal` (`id_dokter`, `hari`, `waktu_mulai`, `waktu_selesai`) VALUES (:id_dokter:, :hari:, :waktu_mulai:, :waktu_selesai:)', [...], false)
 4 APPPATH\Models\JadwalDokterModel.php(16): CodeIgniter\Database\BaseBuilder->insert([...])
 5 APPPATH\Controllers\JadwalDokter.php(45): App\Models\JadwalDokterModel->insertData([...])
 6 SYSTEMPATH\CodeIgniter.php(933): App\Controllers\JadwalDokter->submit()
 7 SYSTEMPATH\CodeIgniter.php(509): CodeIgniter\CodeIgniter->runController(Object(App\Controllers\JadwalDokter))
 8 SYSTEMPATH\CodeIgniter.php(355): CodeIgniter\CodeIgniter->handleRequest(null, Object(Config\Cache), false)
 9 SYSTEMPATH\Boot.php(325): CodeIgniter\CodeIgniter->run()
10 SYSTEMPATH\Boot.php(67): CodeIgniter\Boot::runCodeIgniter(Object(CodeIgniter\CodeIgniter))
11 FCPATH\index.php(56): CodeIgniter\Boot::bootWeb(Object(Config\Paths))
CRITICAL - 2024-12-09 04:11:21 --> [Caused by] mysqli_sql_exception: Duplicate entry '11' for key 'id_dokter'
in SYSTEMPATH\Database\MySQLi\Connection.php on line 312.
 1 SYSTEMPATH\Database\MySQLi\Connection.php(312): mysqli->query('INSERT INTO `jadwal` (`id_dokter`, `hari`, `waktu_mulai`, `waktu_selesai`) VALUES (\'11\', \'Jumat\', \'07:00\', \'12:00\')', 0)
 2 SYSTEMPATH\Database\BaseConnection.php(734): CodeIgniter\Database\MySQLi\Connection->execute('INSERT INTO `jadwal` (`id_dokter`, `hari`, `waktu_mulai`, `waktu_selesai`) VALUES (\'11\', \'Jumat\', \'07:00\', \'12:00\')')
 3 SYSTEMPATH\Database\BaseConnection.php(648): CodeIgniter\Database\BaseConnection->simpleQuery('INSERT INTO `jadwal` (`id_dokter`, `hari`, `waktu_mulai`, `waktu_selesai`) VALUES (\'11\', \'Jumat\', \'07:00\', \'12:00\')')
 4 SYSTEMPATH\Database\BaseBuilder.php(2340): CodeIgniter\Database\BaseConnection->query('INSERT INTO `jadwal` (`id_dokter`, `hari`, `waktu_mulai`, `waktu_selesai`) VALUES (:id_dokter:, :hari:, :waktu_mulai:, :waktu_selesai:)', [...], false)
 5 APPPATH\Models\JadwalDokterModel.php(16): CodeIgniter\Database\BaseBuilder->insert([...])
 6 APPPATH\Controllers\JadwalDokter.php(45): App\Models\JadwalDokterModel->insertData([...])
 7 SYSTEMPATH\CodeIgniter.php(933): App\Controllers\JadwalDokter->submit()
 8 SYSTEMPATH\CodeIgniter.php(509): CodeIgniter\CodeIgniter->runController(Object(App\Controllers\JadwalDokter))
 9 SYSTEMPATH\CodeIgniter.php(355): CodeIgniter\CodeIgniter->handleRequest(null, Object(Config\Cache), false)
10 SYSTEMPATH\Boot.php(325): CodeIgniter\CodeIgniter->run()
11 SYSTEMPATH\Boot.php(67): CodeIgniter\Boot::runCodeIgniter(Object(CodeIgniter\CodeIgniter))
12 FCPATH\index.php(56): CodeIgniter\Boot::bootWeb(Object(Config\Paths))
INFO - 2024-12-09 04:11:24 --> Session: Class initialized using 'CodeIgniter\Session\Handlers\FileHandler' driver.
INFO - 2024-12-09 04:11:28 --> Session: Class initialized using 'CodeIgniter\Session\Handlers\FileHandler' driver.
INFO - 2024-12-09 04:11:30 --> Session: Class initialized using 'CodeIgniter\Session\Handlers\FileHandler' driver.
INFO - 2024-12-09 04:11:31 --> Session: Class initialized using 'CodeIgniter\Session\Handlers\FileHandler' driver.
ERROR - 2024-12-09 04:11:31 --> mysqli_sql_exception: Duplicate entry '11' for key 'id_dokter' in C:\xampp\htdocs\rumahsakitpemweblan\system\Database\MySQLi\Connection.php:312
Stack trace:
#0 C:\xampp\htdocs\rumahsakitpemweblan\system\Database\MySQLi\Connection.php(312): mysqli->query('INSERT INTO `ja...', 0)
#1 C:\xampp\htdocs\rumahsakitpemweblan\system\Database\BaseConnection.php(734): CodeIgniter\Database\MySQLi\Connection->execute('INSERT INTO `ja...')
#2 C:\xampp\htdocs\rumahsakitpemweblan\system\Database\BaseConnection.php(648): CodeIgniter\Database\BaseConnection->simpleQuery('INSERT INTO `ja...')
#3 C:\xampp\htdocs\rumahsakitpemweblan\system\Database\BaseBuilder.php(2340): CodeIgniter\Database\BaseConnection->query('INSERT INTO `ja...', Array, false)
#4 C:\xampp\htdocs\rumahsakitpemweblan\app\Models\JadwalDokterModel.php(16): CodeIgniter\Database\BaseBuilder->insert(Array)
#5 C:\xampp\htdocs\rumahsakitpemweblan\app\Controllers\JadwalDokter.php(45): App\Models\JadwalDokterModel->insertData(Array)
#6 C:\xampp\htdocs\rumahsakitpemweblan\system\CodeIgniter.php(933): App\Controllers\JadwalDokter->submit()
#7 C:\xampp\htdocs\rumahsakitpemweblan\system\CodeIgniter.php(509): CodeIgniter\CodeIgniter->runController(Object(App\Controllers\JadwalDokter))
#8 C:\xampp\htdocs\rumahsakitpemweblan\system\CodeIgniter.php(355): CodeIgniter\CodeIgniter->handleRequest(NULL, Object(Config\Cache), false)
#9 C:\xampp\htdocs\rumahsakitpemweblan\system\Boot.php(325): CodeIgniter\CodeIgniter->run()
#10 C:\xampp\htdocs\rumahsakitpemweblan\system\Boot.php(67): CodeIgniter\Boot::runCodeIgniter(Object(CodeIgniter\CodeIgniter))
#11 C:\xampp\htdocs\rumahsakitpemweblan\public\index.php(56): CodeIgniter\Boot::bootWeb(Object(Config\Paths))
#12 {main}
CRITICAL - 2024-12-09 04:11:31 --> CodeIgniter\Database\Exceptions\DatabaseException: Duplicate entry '11' for key 'id_dokter'
[Method: POST, Route: sirs/jadwaldokter/submit]
in SYSTEMPATH\Database\BaseConnection.php on line 688.
 1 SYSTEMPATH\Database\BaseBuilder.php(2340): CodeIgniter\Database\BaseConnection->query('INSERT INTO `jadwal` (`id_dokter`, `hari`, `waktu_mulai`, `waktu_selesai`) VALUES (:id_dokter:, :hari:, :waktu_mulai:, :waktu_selesai:)', [...], false)
 2 APPPATH\Models\JadwalDokterModel.php(16): CodeIgniter\Database\BaseBuilder->insert([...])
 3 APPPATH\Controllers\JadwalDokter.php(45): App\Models\JadwalDokterModel->insertData([...])
 4 SYSTEMPATH\CodeIgniter.php(933): App\Controllers\JadwalDokter->submit()
 5 SYSTEMPATH\CodeIgniter.php(509): CodeIgniter\CodeIgniter->runController(Object(App\Controllers\JadwalDokter))
 6 SYSTEMPATH\CodeIgniter.php(355): CodeIgniter\CodeIgniter->handleRequest(null, Object(Config\Cache), false)
 7 SYSTEMPATH\Boot.php(325): CodeIgniter\CodeIgniter->run()
 8 SYSTEMPATH\Boot.php(67): CodeIgniter\Boot::runCodeIgniter(Object(CodeIgniter\CodeIgniter))
 9 FCPATH\index.php(56): CodeIgniter\Boot::bootWeb(Object(Config\Paths))
CRITICAL - 2024-12-09 04:11:31 --> [Caused by] CodeIgniter\Database\Exceptions\DatabaseException: Duplicate entry '11' for key 'id_dokter'
in SYSTEMPATH\Database\MySQLi\Connection.php on line 317.
 1 SYSTEMPATH\Database\BaseConnection.php(734): CodeIgniter\Database\MySQLi\Connection->execute('INSERT INTO `jadwal` (`id_dokter`, `hari`, `waktu_mulai`, `waktu_selesai`) VALUES (\'11\', \'Jumat\', \'07:00\', \'12:00\')')
 2 SYSTEMPATH\Database\BaseConnection.php(648): CodeIgniter\Database\BaseConnection->simpleQuery('INSERT INTO `jadwal` (`id_dokter`, `hari`, `waktu_mulai`, `waktu_selesai`) VALUES (\'11\', \'Jumat\', \'07:00\', \'12:00\')')
 3 SYSTEMPATH\Database\BaseBuilder.php(2340): CodeIgniter\Database\BaseConnection->query('INSERT INTO `jadwal` (`id_dokter`, `hari`, `waktu_mulai`, `waktu_selesai`) VALUES (:id_dokter:, :hari:, :waktu_mulai:, :waktu_selesai:)', [...], false)
 4 APPPATH\Models\JadwalDokterModel.php(16): CodeIgniter\Database\BaseBuilder->insert([...])
 5 APPPATH\Controllers\JadwalDokter.php(45): App\Models\JadwalDokterModel->insertData([...])
 6 SYSTEMPATH\CodeIgniter.php(933): App\Controllers\JadwalDokter->submit()
 7 SYSTEMPATH\CodeIgniter.php(509): CodeIgniter\CodeIgniter->runController(Object(App\Controllers\JadwalDokter))
 8 SYSTEMPATH\CodeIgniter.php(355): CodeIgniter\CodeIgniter->handleRequest(null, Object(Config\Cache), false)
 9 SYSTEMPATH\Boot.php(325): CodeIgniter\CodeIgniter->run()
10 SYSTEMPATH\Boot.php(67): CodeIgniter\Boot::runCodeIgniter(Object(CodeIgniter\CodeIgniter))
11 FCPATH\index.php(56): CodeIgniter\Boot::bootWeb(Object(Config\Paths))
CRITICAL - 2024-12-09 04:11:31 --> [Caused by] mysqli_sql_exception: Duplicate entry '11' for key 'id_dokter'
in SYSTEMPATH\Database\MySQLi\Connection.php on line 312.
 1 SYSTEMPATH\Database\MySQLi\Connection.php(312): mysqli->query('INSERT INTO `jadwal` (`id_dokter`, `hari`, `waktu_mulai`, `waktu_selesai`) VALUES (\'11\', \'Jumat\', \'07:00\', \'12:00\')', 0)
 2 SYSTEMPATH\Database\BaseConnection.php(734): CodeIgniter\Database\MySQLi\Connection->execute('INSERT INTO `jadwal` (`id_dokter`, `hari`, `waktu_mulai`, `waktu_selesai`) VALUES (\'11\', \'Jumat\', \'07:00\', \'12:00\')')
 3 SYSTEMPATH\Database\BaseConnection.php(648): CodeIgniter\Database\BaseConnection->simpleQuery('INSERT INTO `jadwal` (`id_dokter`, `hari`, `waktu_mulai`, `waktu_selesai`) VALUES (\'11\', \'Jumat\', \'07:00\', \'12:00\')')
 4 SYSTEMPATH\Database\BaseBuilder.php(2340): CodeIgniter\Database\BaseConnection->query('INSERT INTO `jadwal` (`id_dokter`, `hari`, `waktu_mulai`, `waktu_selesai`) VALUES (:id_dokter:, :hari:, :waktu_mulai:, :waktu_selesai:)', [...], false)
 5 APPPATH\Models\JadwalDokterModel.php(16): CodeIgniter\Database\BaseBuilder->insert([...])
 6 APPPATH\Controllers\JadwalDokter.php(45): App\Models\JadwalDokterModel->insertData([...])
 7 SYSTEMPATH\CodeIgniter.php(933): App\Controllers\JadwalDokter->submit()
 8 SYSTEMPATH\CodeIgniter.php(509): CodeIgniter\CodeIgniter->runController(Object(App\Controllers\JadwalDokter))
 9 SYSTEMPATH\CodeIgniter.php(355): CodeIgniter\CodeIgniter->handleRequest(null, Object(Config\Cache), false)
10 SYSTEMPATH\Boot.php(325): CodeIgniter\CodeIgniter->run()
11 SYSTEMPATH\Boot.php(67): CodeIgniter\Boot::runCodeIgniter(Object(CodeIgniter\CodeIgniter))
12 FCPATH\index.php(56): CodeIgniter\Boot::bootWeb(Object(Config\Paths))
INFO - 2024-12-09 04:14:03 --> Session: Class initialized using 'CodeIgniter\Session\Handlers\FileHandler' driver.
INFO - 2024-12-09 04:14:19 --> Session: Class initialized using 'CodeIgniter\Session\Handlers\FileHandler' driver.
INFO - 2024-12-09 04:14:26 --> Session: Class initialized using 'CodeIgniter\Session\Handlers\FileHandler' driver.
INFO - 2024-12-09 04:14:31 --> Session: Class initialized using 'CodeIgniter\Session\Handlers\FileHandler' driver.
INFO - 2024-12-09 04:14:34 --> Session: Class initialized using 'CodeIgniter\Session\Handlers\FileHandler' driver.
INFO - 2024-12-09 04:14:39 --> Session: Class initialized using 'CodeIgniter\Session\Handlers\FileHandler' driver.
INFO - 2024-12-09 04:14:43 --> Session: Class initialized using 'CodeIgniter\Session\Handlers\FileHandler' driver.
INFO - 2024-12-09 04:14:46 --> Session: Class initialized using 'CodeIgniter\Session\Handlers\FileHandler' driver.
INFO - 2024-12-09 04:16:27 --> Session: Class initialized using 'CodeIgniter\Session\Handlers\FileHandler' driver.
INFO - 2024-12-09 04:16:34 --> Session: Class initialized using 'CodeIgniter\Session\Handlers\FileHandler' driver.
INFO - 2024-12-09 04:16:39 --> Session: Class initialized using 'CodeIgniter\Session\Handlers\FileHandler' driver.
INFO - 2024-12-09 04:16:44 --> Session: Class initialized using 'CodeIgniter\Session\Handlers\FileHandler' driver.
INFO - 2024-12-09 04:16:47 --> Session: Class initialized using 'CodeIgniter\Session\Handlers\FileHandler' driver.
INFO - 2024-12-09 06:15:56 --> Session: Class initialized using 'CodeIgniter\Session\Handlers\FileHandler' driver.
INFO - 2024-12-09 06:17:45 --> Session: Class initialized using 'CodeIgniter\Session\Handlers\FileHandler' driver.
INFO - 2024-12-09 06:18:10 --> Session: Class initialized using 'CodeIgniter\Session\Handlers\FileHandler' driver.
INFO - 2024-12-09 06:18:20 --> Session: Class initialized using 'CodeIgniter\Session\Handlers\FileHandler' driver.
INFO - 2024-12-09 06:18:20 --> Session: Class initialized using 'CodeIgniter\Session\Handlers\FileHandler' driver.
INFO - 2024-12-09 06:18:41 --> Session: Class initialized using 'CodeIgniter\Session\Handlers\FileHandler' driver.
INFO - 2024-12-09 06:18:49 --> Session: Class initialized using 'CodeIgniter\Session\Handlers\FileHandler' driver.
INFO - 2024-12-09 06:18:50 --> Session: Class initialized using 'CodeIgniter\Session\Handlers\FileHandler' driver.
INFO - 2024-12-09 06:19:22 --> Session: Class initialized using 'CodeIgniter\Session\Handlers\FileHandler' driver.
INFO - 2024-12-09 06:19:29 --> Session: Class initialized using 'CodeIgniter\Session\Handlers\FileHandler' driver.
INFO - 2024-12-09 06:19:33 --> Session: Class initialized using 'CodeIgniter\Session\Handlers\FileHandler' driver.
INFO - 2024-12-09 06:19:40 --> Session: Class initialized using 'CodeIgniter\Session\Handlers\FileHandler' driver.
ERROR - 2024-12-09 06:19:40 --> mysqli_sql_exception: Duplicate entry 'A-001' for key 'nomor_antrian' in C:\xampp\htdocs\rumahsakitpemweblan\system\Database\MySQLi\Connection.php:312
Stack trace:
#0 C:\xampp\htdocs\rumahsakitpemweblan\system\Database\MySQLi\Connection.php(312): mysqli->query('INSERT INTO `an...', 0)
#1 C:\xampp\htdocs\rumahsakitpemweblan\system\Database\BaseConnection.php(734): CodeIgniter\Database\MySQLi\Connection->execute('INSERT INTO `an...')
#2 C:\xampp\htdocs\rumahsakitpemweblan\system\Database\BaseConnection.php(648): CodeIgniter\Database\BaseConnection->simpleQuery('INSERT INTO `an...')
#3 C:\xampp\htdocs\rumahsakitpemweblan\system\Database\BaseBuilder.php(2340): CodeIgniter\Database\BaseConnection->query('INSERT INTO `an...', Array, false)
#4 C:\xampp\htdocs\rumahsakitpemweblan\app\Models\AntrianModel.php(90): CodeIgniter\Database\BaseBuilder->insert(Array)
#5 C:\xampp\htdocs\rumahsakitpemweblan\app\Controllers\Antrian.php(44): App\Models\AntrianModel->createAntrianBasedJadwalDokter('3531', '11', '2024-12-05')
#6 C:\xampp\htdocs\rumahsakitpemweblan\system\CodeIgniter.php(933): App\Controllers\Antrian->submit()
#7 C:\xampp\htdocs\rumahsakitpemweblan\system\CodeIgniter.php(509): CodeIgniter\CodeIgniter->runController(Object(App\Controllers\Antrian))
#8 C:\xampp\htdocs\rumahsakitpemweblan\system\CodeIgniter.php(355): CodeIgniter\CodeIgniter->handleRequest(NULL, Object(Config\Cache), false)
#9 C:\xampp\htdocs\rumahsakitpemweblan\system\Boot.php(325): CodeIgniter\CodeIgniter->run()
#10 C:\xampp\htdocs\rumahsakitpemweblan\system\Boot.php(67): CodeIgniter\Boot::runCodeIgniter(Object(CodeIgniter\CodeIgniter))
#11 C:\xampp\htdocs\rumahsakitpemweblan\public\index.php(56): CodeIgniter\Boot::bootWeb(Object(Config\Paths))
#12 {main}
CRITICAL - 2024-12-09 06:19:40 --> CodeIgniter\Database\Exceptions\DatabaseException: Duplicate entry 'A-001' for key 'nomor_antrian'
[Method: POST, Route: sirs/antrian/submit]
in SYSTEMPATH\Database\BaseConnection.php on line 688.
 1 SYSTEMPATH\Database\BaseBuilder.php(2340): CodeIgniter\Database\BaseConnection->query('INSERT INTO `antrian` (`nomor_antrian`, `id_lokasi`, `id_dokter`, `tanggal`, `jam_antrian`) VALUES (:nomor_antrian:, :id_lokasi.1:, :id_dokter.1:, :tanggal.1:, :jam_antrian:)', [...], false)
 2 APPPATH\Models\AntrianModel.php(90): CodeIgniter\Database\BaseBuilder->insert([...])
 3 APPPATH\Controllers\Antrian.php(44): App\Models\AntrianModel->createAntrianBasedJadwalDokter('3531', '11', '2024-12-05')
 4 SYSTEMPATH\CodeIgniter.php(933): App\Controllers\Antrian->submit()
 5 SYSTEMPATH\CodeIgniter.php(509): CodeIgniter\CodeIgniter->runController(Object(App\Controllers\Antrian))
 6 SYSTEMPATH\CodeIgniter.php(355): CodeIgniter\CodeIgniter->handleRequest(null, Object(Config\Cache), false)
 7 SYSTEMPATH\Boot.php(325): CodeIgniter\CodeIgniter->run()
 8 SYSTEMPATH\Boot.php(67): CodeIgniter\Boot::runCodeIgniter(Object(CodeIgniter\CodeIgniter))
 9 FCPATH\index.php(56): CodeIgniter\Boot::bootWeb(Object(Config\Paths))
CRITICAL - 2024-12-09 06:19:40 --> [Caused by] CodeIgniter\Database\Exceptions\DatabaseException: Duplicate entry 'A-001' for key 'nomor_antrian'
in SYSTEMPATH\Database\MySQLi\Connection.php on line 317.
 1 SYSTEMPATH\Database\BaseConnection.php(734): CodeIgniter\Database\MySQLi\Connection->execute('INSERT INTO `antrian` (`nomor_antrian`, `id_lokasi`, `id_dokter`, `tanggal`, `jam_antrian`) VALUES (\'A-001\', \'3531\', \'11\', \'2024-12-05\', \'07:00:00\')')
 2 SYSTEMPATH\Database\BaseConnection.php(648): CodeIgniter\Database\BaseConnection->simpleQuery('INSERT INTO `antrian` (`nomor_antrian`, `id_lokasi`, `id_dokter`, `tanggal`, `jam_antrian`) VALUES (\'A-001\', \'3531\', \'11\', \'2024-12-05\', \'07:00:00\')')
 3 SYSTEMPATH\Database\BaseBuilder.php(2340): CodeIgniter\Database\BaseConnection->query('INSERT INTO `antrian` (`nomor_antrian`, `id_lokasi`, `id_dokter`, `tanggal`, `jam_antrian`) VALUES (:nomor_antrian:, :id_lokasi.1:, :id_dokter.1:, :tanggal.1:, :jam_antrian:)', [...], false)
 4 APPPATH\Models\AntrianModel.php(90): CodeIgniter\Database\BaseBuilder->insert([...])
 5 APPPATH\Controllers\Antrian.php(44): App\Models\AntrianModel->createAntrianBasedJadwalDokter('3531', '11', '2024-12-05')
 6 SYSTEMPATH\CodeIgniter.php(933): App\Controllers\Antrian->submit()
 7 SYSTEMPATH\CodeIgniter.php(509): CodeIgniter\CodeIgniter->runController(Object(App\Controllers\Antrian))
 8 SYSTEMPATH\CodeIgniter.php(355): CodeIgniter\CodeIgniter->handleRequest(null, Object(Config\Cache), false)
 9 SYSTEMPATH\Boot.php(325): CodeIgniter\CodeIgniter->run()
10 SYSTEMPATH\Boot.php(67): CodeIgniter\Boot::runCodeIgniter(Object(CodeIgniter\CodeIgniter))
11 FCPATH\index.php(56): CodeIgniter\Boot::bootWeb(Object(Config\Paths))
CRITICAL - 2024-12-09 06:19:40 --> [Caused by] mysqli_sql_exception: Duplicate entry 'A-001' for key 'nomor_antrian'
in SYSTEMPATH\Database\MySQLi\Connection.php on line 312.
 1 SYSTEMPATH\Database\MySQLi\Connection.php(312): mysqli->query('INSERT INTO `antrian` (`nomor_antrian`, `id_lokasi`, `id_dokter`, `tanggal`, `jam_antrian`) VALUES (\'A-001\', \'3531\', \'11\', \'2024-12-05\', \'07:00:00\')', 0)
 2 SYSTEMPATH\Database\BaseConnection.php(734): CodeIgniter\Database\MySQLi\Connection->execute('INSERT INTO `antrian` (`nomor_antrian`, `id_lokasi`, `id_dokter`, `tanggal`, `jam_antrian`) VALUES (\'A-001\', \'3531\', \'11\', \'2024-12-05\', \'07:00:00\')')
 3 SYSTEMPATH\Database\BaseConnection.php(648): CodeIgniter\Database\BaseConnection->simpleQuery('INSERT INTO `antrian` (`nomor_antrian`, `id_lokasi`, `id_dokter`, `tanggal`, `jam_antrian`) VALUES (\'A-001\', \'3531\', \'11\', \'2024-12-05\', \'07:00:00\')')
 4 SYSTEMPATH\Database\BaseBuilder.php(2340): CodeIgniter\Database\BaseConnection->query('INSERT INTO `antrian` (`nomor_antrian`, `id_lokasi`, `id_dokter`, `tanggal`, `jam_antrian`) VALUES (:nomor_antrian:, :id_lokasi.1:, :id_dokter.1:, :tanggal.1:, :jam_antrian:)', [...], false)
 5 APPPATH\Models\AntrianModel.php(90): CodeIgniter\Database\BaseBuilder->insert([...])
 6 APPPATH\Controllers\Antrian.php(44): App\Models\AntrianModel->createAntrianBasedJadwalDokter('3531', '11', '2024-12-05')
 7 SYSTEMPATH\CodeIgniter.php(933): App\Controllers\Antrian->submit()
 8 SYSTEMPATH\CodeIgniter.php(509): CodeIgniter\CodeIgniter->runController(Object(App\Controllers\Antrian))
 9 SYSTEMPATH\CodeIgniter.php(355): CodeIgniter\CodeIgniter->handleRequest(null, Object(Config\Cache), false)
10 SYSTEMPATH\Boot.php(325): CodeIgniter\CodeIgniter->run()
11 SYSTEMPATH\Boot.php(67): CodeIgniter\Boot::runCodeIgniter(Object(CodeIgniter\CodeIgniter))
12 FCPATH\index.php(56): CodeIgniter\Boot::bootWeb(Object(Config\Paths))
INFO - 2024-12-09 06:19:43 --> Session: Class initialized using 'CodeIgniter\Session\Handlers\FileHandler' driver.
INFO - 2024-12-09 06:19:57 --> Session: Class initialized using 'CodeIgniter\Session\Handlers\FileHandler' driver.
INFO - 2024-12-09 06:20:01 --> Session: Class initialized using 'CodeIgniter\Session\Handlers\FileHandler' driver.
INFO - 2024-12-09 06:20:17 --> Session: Class initialized using 'CodeIgniter\Session\Handlers\FileHandler' driver.
INFO - 2024-12-09 06:20:23 --> Session: Class initialized using 'CodeIgniter\Session\Handlers\FileHandler' driver.
INFO - 2024-12-09 06:20:25 --> Session: Class initialized using 'CodeIgniter\Session\Handlers\FileHandler' driver.
INFO - 2024-12-09 06:20:32 --> Session: Class initialized using 'CodeIgniter\Session\Handlers\FileHandler' driver.
ERROR - 2024-12-09 06:20:32 --> mysqli_sql_exception: Duplicate entry 'A-001' for key 'nomor_antrian' in C:\xampp\htdocs\rumahsakitpemweblan\system\Database\MySQLi\Connection.php:312
Stack trace:
#0 C:\xampp\htdocs\rumahsakitpemweblan\system\Database\MySQLi\Connection.php(312): mysqli->query('INSERT INTO `an...', 0)
#1 C:\xampp\htdocs\rumahsakitpemweblan\system\Database\BaseConnection.php(734): CodeIgniter\Database\MySQLi\Connection->execute('INSERT INTO `an...')
#2 C:\xampp\htdocs\rumahsakitpemweblan\system\Database\BaseConnection.php(648): CodeIgniter\Database\BaseConnection->simpleQuery('INSERT INTO `an...')
#3 C:\xampp\htdocs\rumahsakitpemweblan\system\Database\BaseBuilder.php(2340): CodeIgniter\Database\BaseConnection->query('INSERT INTO `an...', Array, false)
#4 C:\xampp\htdocs\rumahsakitpemweblan\app\Models\AntrianModel.php(90): CodeIgniter\Database\BaseBuilder->insert(Array)
#5 C:\xampp\htdocs\rumahsakitpemweblan\app\Controllers\Antrian.php(44): App\Models\AntrianModel->createAntrianBasedJadwalDokter('3531', '11', '2024-12-05')
#6 C:\xampp\htdocs\rumahsakitpemweblan\system\CodeIgniter.php(933): App\Controllers\Antrian->submit()
#7 C:\xampp\htdocs\rumahsakitpemweblan\system\CodeIgniter.php(509): CodeIgniter\CodeIgniter->runController(Object(App\Controllers\Antrian))
#8 C:\xampp\htdocs\rumahsakitpemweblan\system\CodeIgniter.php(355): CodeIgniter\CodeIgniter->handleRequest(NULL, Object(Config\Cache), false)
#9 C:\xampp\htdocs\rumahsakitpemweblan\system\Boot.php(325): CodeIgniter\CodeIgniter->run()
#10 C:\xampp\htdocs\rumahsakitpemweblan\system\Boot.php(67): CodeIgniter\Boot::runCodeIgniter(Object(CodeIgniter\CodeIgniter))
#11 C:\xampp\htdocs\rumahsakitpemweblan\public\index.php(56): CodeIgniter\Boot::bootWeb(Object(Config\Paths))
#12 {main}
CRITICAL - 2024-12-09 06:20:32 --> CodeIgniter\Database\Exceptions\DatabaseException: Duplicate entry 'A-001' for key 'nomor_antrian'
[Method: POST, Route: sirs/antrian/submit]
in SYSTEMPATH\Database\BaseConnection.php on line 688.
 1 SYSTEMPATH\Database\BaseBuilder.php(2340): CodeIgniter\Database\BaseConnection->query('INSERT INTO `antrian` (`nomor_antrian`, `id_lokasi`, `id_dokter`, `tanggal`, `jam_antrian`) VALUES (:nomor_antrian:, :id_lokasi.1:, :id_dokter.1:, :tanggal.1:, :jam_antrian:)', [...], false)
 2 APPPATH\Models\AntrianModel.php(90): CodeIgniter\Database\BaseBuilder->insert([...])
 3 APPPATH\Controllers\Antrian.php(44): App\Models\AntrianModel->createAntrianBasedJadwalDokter('3531', '11', '2024-12-05')
 4 SYSTEMPATH\CodeIgniter.php(933): App\Controllers\Antrian->submit()
 5 SYSTEMPATH\CodeIgniter.php(509): CodeIgniter\CodeIgniter->runController(Object(App\Controllers\Antrian))
 6 SYSTEMPATH\CodeIgniter.php(355): CodeIgniter\CodeIgniter->handleRequest(null, Object(Config\Cache), false)
 7 SYSTEMPATH\Boot.php(325): CodeIgniter\CodeIgniter->run()
 8 SYSTEMPATH\Boot.php(67): CodeIgniter\Boot::runCodeIgniter(Object(CodeIgniter\CodeIgniter))
 9 FCPATH\index.php(56): CodeIgniter\Boot::bootWeb(Object(Config\Paths))
CRITICAL - 2024-12-09 06:20:32 --> [Caused by] CodeIgniter\Database\Exceptions\DatabaseException: Duplicate entry 'A-001' for key 'nomor_antrian'
in SYSTEMPATH\Database\MySQLi\Connection.php on line 317.
 1 SYSTEMPATH\Database\BaseConnection.php(734): CodeIgniter\Database\MySQLi\Connection->execute('INSERT INTO `antrian` (`nomor_antrian`, `id_lokasi`, `id_dokter`, `tanggal`, `jam_antrian`) VALUES (\'A-001\', \'3531\', \'11\', \'2024-12-05\', \'07:00:00\')')
 2 SYSTEMPATH\Database\BaseConnection.php(648): CodeIgniter\Database\BaseConnection->simpleQuery('INSERT INTO `antrian` (`nomor_antrian`, `id_lokasi`, `id_dokter`, `tanggal`, `jam_antrian`) VALUES (\'A-001\', \'3531\', \'11\', \'2024-12-05\', \'07:00:00\')')
 3 SYSTEMPATH\Database\BaseBuilder.php(2340): CodeIgniter\Database\BaseConnection->query('INSERT INTO `antrian` (`nomor_antrian`, `id_lokasi`, `id_dokter`, `tanggal`, `jam_antrian`) VALUES (:nomor_antrian:, :id_lokasi.1:, :id_dokter.1:, :tanggal.1:, :jam_antrian:)', [...], false)
 4 APPPATH\Models\AntrianModel.php(90): CodeIgniter\Database\BaseBuilder->insert([...])
 5 APPPATH\Controllers\Antrian.php(44): App\Models\AntrianModel->createAntrianBasedJadwalDokter('3531', '11', '2024-12-05')
 6 SYSTEMPATH\CodeIgniter.php(933): App\Controllers\Antrian->submit()
 7 SYSTEMPATH\CodeIgniter.php(509): CodeIgniter\CodeIgniter->runController(Object(App\Controllers\Antrian))
 8 SYSTEMPATH\CodeIgniter.php(355): CodeIgniter\CodeIgniter->handleRequest(null, Object(Config\Cache), false)
 9 SYSTEMPATH\Boot.php(325): CodeIgniter\CodeIgniter->run()
10 SYSTEMPATH\Boot.php(67): CodeIgniter\Boot::runCodeIgniter(Object(CodeIgniter\CodeIgniter))
11 FCPATH\index.php(56): CodeIgniter\Boot::bootWeb(Object(Config\Paths))
CRITICAL - 2024-12-09 06:20:32 --> [Caused by] mysqli_sql_exception: Duplicate entry 'A-001' for key 'nomor_antrian'
in SYSTEMPATH\Database\MySQLi\Connection.php on line 312.
 1 SYSTEMPATH\Database\MySQLi\Connection.php(312): mysqli->query('INSERT INTO `antrian` (`nomor_antrian`, `id_lokasi`, `id_dokter`, `tanggal`, `jam_antrian`) VALUES (\'A-001\', \'3531\', \'11\', \'2024-12-05\', \'07:00:00\')', 0)
 2 SYSTEMPATH\Database\BaseConnection.php(734): CodeIgniter\Database\MySQLi\Connection->execute('INSERT INTO `antrian` (`nomor_antrian`, `id_lokasi`, `id_dokter`, `tanggal`, `jam_antrian`) VALUES (\'A-001\', \'3531\', \'11\', \'2024-12-05\', \'07:00:00\')')
 3 SYSTEMPATH\Database\BaseConnection.php(648): CodeIgniter\Database\BaseConnection->simpleQuery('INSERT INTO `antrian` (`nomor_antrian`, `id_lokasi`, `id_dokter`, `tanggal`, `jam_antrian`) VALUES (\'A-001\', \'3531\', \'11\', \'2024-12-05\', \'07:00:00\')')
 4 SYSTEMPATH\Database\BaseBuilder.php(2340): CodeIgniter\Database\BaseConnection->query('INSERT INTO `antrian` (`nomor_antrian`, `id_lokasi`, `id_dokter`, `tanggal`, `jam_antrian`) VALUES (:nomor_antrian:, :id_lokasi.1:, :id_dokter.1:, :tanggal.1:, :jam_antrian:)', [...], false)
 5 APPPATH\Models\AntrianModel.php(90): CodeIgniter\Database\BaseBuilder->insert([...])
 6 APPPATH\Controllers\Antrian.php(44): App\Models\AntrianModel->createAntrianBasedJadwalDokter('3531', '11', '2024-12-05')
 7 SYSTEMPATH\CodeIgniter.php(933): App\Controllers\Antrian->submit()
 8 SYSTEMPATH\CodeIgniter.php(509): CodeIgniter\CodeIgniter->runController(Object(App\Controllers\Antrian))
 9 SYSTEMPATH\CodeIgniter.php(355): CodeIgniter\CodeIgniter->handleRequest(null, Object(Config\Cache), false)
10 SYSTEMPATH\Boot.php(325): CodeIgniter\CodeIgniter->run()
11 SYSTEMPATH\Boot.php(67): CodeIgniter\Boot::runCodeIgniter(Object(CodeIgniter\CodeIgniter))
12 FCPATH\index.php(56): CodeIgniter\Boot::bootWeb(Object(Config\Paths))
INFO - 2024-12-09 06:20:35 --> Session: Class initialized using 'CodeIgniter\Session\Handlers\FileHandler' driver.
INFO - 2024-12-09 06:21:09 --> Session: Class initialized using 'CodeIgniter\Session\Handlers\FileHandler' driver.
INFO - 2024-12-09 06:21:19 --> Session: Class initialized using 'CodeIgniter\Session\Handlers\FileHandler' driver.
INFO - 2024-12-09 06:21:57 --> Session: Class initialized using 'CodeIgniter\Session\Handlers\FileHandler' driver.
INFO - 2024-12-09 06:22:03 --> Session: Class initialized using 'CodeIgniter\Session\Handlers\FileHandler' driver.
INFO - 2024-12-09 06:22:04 --> Session: Class initialized using 'CodeIgniter\Session\Handlers\FileHandler' driver.
INFO - 2024-12-09 06:22:12 --> Session: Class initialized using 'CodeIgniter\Session\Handlers\FileHandler' driver.
CRITICAL - 2024-12-09 06:22:12 --> Exception: Dokter tidak memiliki jadwal pada hari ini.
[Method: POST, Route: sirs/antrian/submit]
in APPPATH\Models\AntrianModel.php on line 56.
 1 APPPATH\Controllers\Antrian.php(44): App\Models\AntrianModel->createAntrianBasedJadwalDokter('3531', '11', '2024-12-10')
 2 SYSTEMPATH\CodeIgniter.php(933): App\Controllers\Antrian->submit()
 3 SYSTEMPATH\CodeIgniter.php(509): CodeIgniter\CodeIgniter->runController(Object(App\Controllers\Antrian))
 4 SYSTEMPATH\CodeIgniter.php(355): CodeIgniter\CodeIgniter->handleRequest(null, Object(Config\Cache), false)
 5 SYSTEMPATH\Boot.php(325): CodeIgniter\CodeIgniter->run()
 6 SYSTEMPATH\Boot.php(67): CodeIgniter\Boot::runCodeIgniter(Object(CodeIgniter\CodeIgniter))
 7 FCPATH\index.php(56): CodeIgniter\Boot::bootWeb(Object(Config\Paths))
INFO - 2024-12-09 06:22:14 --> Session: Class initialized using 'CodeIgniter\Session\Handlers\FileHandler' driver.
INFO - 2024-12-09 06:24:02 --> Session: Class initialized using 'CodeIgniter\Session\Handlers\FileHandler' driver.
INFO - 2024-12-09 06:24:06 --> Session: Class initialized using 'CodeIgniter\Session\Handlers\FileHandler' driver.
INFO - 2024-12-09 06:24:10 --> Session: Class initialized using 'CodeIgniter\Session\Handlers\FileHandler' driver.
INFO - 2024-12-09 06:24:18 --> Session: Class initialized using 'CodeIgniter\Session\Handlers\FileHandler' driver.
INFO - 2024-12-09 06:24:25 --> Session: Class initialized using 'CodeIgniter\Session\Handlers\FileHandler' driver.
INFO - 2024-12-09 06:24:25 --> Session: Class initialized using 'CodeIgniter\Session\Handlers\FileHandler' driver.
INFO - 2024-12-09 06:24:55 --> Session: Class initialized using 'CodeIgniter\Session\Handlers\FileHandler' driver.
INFO - 2024-12-09 06:25:01 --> Session: Class initialized using 'CodeIgniter\Session\Handlers\FileHandler' driver.
INFO - 2024-12-09 06:25:01 --> Session: Class initialized using 'CodeIgniter\Session\Handlers\FileHandler' driver.
INFO - 2024-12-09 06:25:06 --> Session: Class initialized using 'CodeIgniter\Session\Handlers\FileHandler' driver.
INFO - 2024-12-09 06:25:28 --> Session: Class initialized using 'CodeIgniter\Session\Handlers\FileHandler' driver.
INFO - 2024-12-09 06:25:37 --> Session: Class initialized using 'CodeIgniter\Session\Handlers\FileHandler' driver.
INFO - 2024-12-09 06:25:45 --> Session: Class initialized using 'CodeIgniter\Session\Handlers\FileHandler' driver.
INFO - 2024-12-09 06:25:45 --> Session: Class initialized using 'CodeIgniter\Session\Handlers\FileHandler' driver.
INFO - 2024-12-09 06:26:10 --> Session: Class initialized using 'CodeIgniter\Session\Handlers\FileHandler' driver.
INFO - 2024-12-09 07:33:54 --> Session: Class initialized using 'CodeIgniter\Session\Handlers\FileHandler' driver.
INFO - 2024-12-09 07:34:01 --> Session: Class initialized using 'CodeIgniter\Session\Handlers\FileHandler' driver.
INFO - 2024-12-09 07:34:04 --> Session: Class initialized using 'CodeIgniter\Session\Handlers\FileHandler' driver.
CRITICAL - 2024-12-09 07:34:04 --> ErrorException: Undefined property: stdClass::$id_pembayaran
[Method: GET, Route: sirs/penjadwalan]
in APPPATH\Views\kunjungan\v_kunjungan.php on line 23.
 1 APPPATH\Views\kunjungan\v_kunjungan.php(23): CodeIgniter\Debug\Exceptions->errorHandler(2, 'Undefined property: stdClass::$id_pembayaran', 'C:\\xampp\\htdocs\\rumahsakitpemweblan\\app\\Views\\kunjungan\\v_kunjungan.php', 23)
 2 SYSTEMPATH\View\View.php(234): include('C:\\xampp\\htdocs\\rumahsakitpemweblan\\app\\Views\\kunjungan\\v_kunjungan.php')
 3 SYSTEMPATH\View\View.php(237): CodeIgniter\View\View->CodeIgniter\View\{closure}()
 4 SYSTEMPATH\Common.php(1171): CodeIgniter\View\View->render('kunjungan/v_kunjungan', [], true)
 5 APPPATH\Views\template.php(176): view('kunjungan/v_kunjungan')
 6 SYSTEMPATH\View\View.php(234): include('C:\\xampp\\htdocs\\rumahsakitpemweblan\\app\\Views\\template.php')
 7 SYSTEMPATH\View\View.php(237): CodeIgniter\View\View->CodeIgniter\View\{closure}()
 8 SYSTEMPATH\Common.php(1171): CodeIgniter\View\View->render('template', [], true)
 9 APPPATH\Controllers\Penjadwalan.php(15): view('template', [...])
10 SYSTEMPATH\CodeIgniter.php(933): App\Controllers\Penjadwalan->index()
11 SYSTEMPATH\CodeIgniter.php(509): CodeIgniter\CodeIgniter->runController(Object(App\Controllers\Penjadwalan))
12 SYSTEMPATH\CodeIgniter.php(355): CodeIgniter\CodeIgniter->handleRequest(null, Object(Config\Cache), false)
13 SYSTEMPATH\Boot.php(325): CodeIgniter\CodeIgniter->run()
14 SYSTEMPATH\Boot.php(67): CodeIgniter\Boot::runCodeIgniter(Object(CodeIgniter\CodeIgniter))
15 FCPATH\index.php(56): CodeIgniter\Boot::bootWeb(Object(Config\Paths))
INFO - 2024-12-09 07:34:07 --> Session: Class initialized using 'CodeIgniter\Session\Handlers\FileHandler' driver.
CRITICAL - 2024-12-09 07:34:09 --> ErrorException: Undefined property: stdClass::$id_pembayaran
[Method: GET, Route: sirs/penjadwalan]
in APPPATH\Views\kunjungan\v_kunjungan.php on line 23.
 1 APPPATH\Views\kunjungan\v_kunjungan.php(23): CodeIgniter\Debug\Exceptions->errorHandler(2, 'Undefined property: stdClass::$id_pembayaran', 'C:\\xampp\\htdocs\\rumahsakitpemweblan\\app\\Views\\kunjungan\\v_kunjungan.php', 23)
 2 SYSTEMPATH\View\View.php(234): include('C:\\xampp\\htdocs\\rumahsakitpemweblan\\app\\Views\\kunjungan\\v_kunjungan.php')
 3 SYSTEMPATH\View\View.php(237): CodeIgniter\View\View->CodeIgniter\View\{closure}()
 4 SYSTEMPATH\Common.php(1171): CodeIgniter\View\View->render('kunjungan/v_kunjungan', [], true)
 5 APPPATH\Views\template.php(176): view('kunjungan/v_kunjungan')
 6 SYSTEMPATH\View\View.php(234): include('C:\\xampp\\htdocs\\rumahsakitpemweblan\\app\\Views\\template.php')
 7 SYSTEMPATH\View\View.php(237): CodeIgniter\View\View->CodeIgniter\View\{closure}()
 8 SYSTEMPATH\Common.php(1171): CodeIgniter\View\View->render('template', [], true)
 9 APPPATH\Controllers\Penjadwalan.php(15): view('template', [...])
10 SYSTEMPATH\CodeIgniter.php(933): App\Controllers\Penjadwalan->index()
11 SYSTEMPATH\CodeIgniter.php(509): CodeIgniter\CodeIgniter->runController(Object(App\Controllers\Penjadwalan))
12 SYSTEMPATH\CodeIgniter.php(355): CodeIgniter\CodeIgniter->handleRequest(null, Object(Config\Cache), false)
13 SYSTEMPATH\Boot.php(325): CodeIgniter\CodeIgniter->run()
14 SYSTEMPATH\Boot.php(67): CodeIgniter\Boot::runCodeIgniter(Object(CodeIgniter\CodeIgniter))
15 FCPATH\index.php(56): CodeIgniter\Boot::bootWeb(Object(Config\Paths))
CRITICAL - 2024-12-09 07:34:11 --> ErrorException: Undefined property: stdClass::$id_pembayaran
[Method: GET, Route: sirs/penjadwalan]
in APPPATH\Views\kunjungan\v_kunjungan.php on line 23.
 1 APPPATH\Views\kunjungan\v_kunjungan.php(23): CodeIgniter\Debug\Exceptions->errorHandler(2, 'Undefined property: stdClass::$id_pembayaran', 'C:\\xampp\\htdocs\\rumahsakitpemweblan\\app\\Views\\kunjungan\\v_kunjungan.php', 23)
 2 SYSTEMPATH\View\View.php(234): include('C:\\xampp\\htdocs\\rumahsakitpemweblan\\app\\Views\\kunjungan\\v_kunjungan.php')
 3 SYSTEMPATH\View\View.php(237): CodeIgniter\View\View->CodeIgniter\View\{closure}()
 4 SYSTEMPATH\Common.php(1171): CodeIgniter\View\View->render('kunjungan/v_kunjungan', [], true)
 5 APPPATH\Views\template.php(176): view('kunjungan/v_kunjungan')
 6 SYSTEMPATH\View\View.php(234): include('C:\\xampp\\htdocs\\rumahsakitpemweblan\\app\\Views\\template.php')
 7 SYSTEMPATH\View\View.php(237): CodeIgniter\View\View->CodeIgniter\View\{closure}()
 8 SYSTEMPATH\Common.php(1171): CodeIgniter\View\View->render('template', [], true)
 9 APPPATH\Controllers\Penjadwalan.php(15): view('template', [...])
10 SYSTEMPATH\CodeIgniter.php(933): App\Controllers\Penjadwalan->index()
11 SYSTEMPATH\CodeIgniter.php(509): CodeIgniter\CodeIgniter->runController(Object(App\Controllers\Penjadwalan))
12 SYSTEMPATH\CodeIgniter.php(355): CodeIgniter\CodeIgniter->handleRequest(null, Object(Config\Cache), false)
13 SYSTEMPATH\Boot.php(325): CodeIgniter\CodeIgniter->run()
14 SYSTEMPATH\Boot.php(67): CodeIgniter\Boot::runCodeIgniter(Object(CodeIgniter\CodeIgniter))
15 FCPATH\index.php(56): CodeIgniter\Boot::bootWeb(Object(Config\Paths))
INFO - 2024-12-09 07:34:16 --> Session: Class initialized using 'CodeIgniter\Session\Handlers\FileHandler' driver.
INFO - 2024-12-09 07:34:25 --> Session: Class initialized using 'CodeIgniter\Session\Handlers\FileHandler' driver.
INFO - 2024-12-09 07:46:47 --> Session: Class initialized using 'CodeIgniter\Session\Handlers\FileHandler' driver.
INFO - 2024-12-09 07:46:54 --> Session: Class initialized using 'CodeIgniter\Session\Handlers\FileHandler' driver.
CRITICAL - 2024-12-09 07:58:35 --> ErrorException: Undefined variable $status
[Method: GET, Route: sirs/penjadwalan]
in APPPATH\Views\kunjungan\v_kunjungan.php on line 5.
 1 APPPATH\Views\kunjungan\v_kunjungan.php(5): CodeIgniter\Debug\Exceptions->errorHandler(2, 'Undefined variable $status', 'C:\\xampp\\htdocs\\rumahsakitpemweblan\\app\\Views\\kunjungan\\v_kunjungan.php', 5)
 2 SYSTEMPATH\View\View.php(234): include('C:\\xampp\\htdocs\\rumahsakitpemweblan\\app\\Views\\kunjungan\\v_kunjungan.php')
 3 SYSTEMPATH\View\View.php(237): CodeIgniter\View\View->CodeIgniter\View\{closure}()
 4 SYSTEMPATH\Common.php(1171): CodeIgniter\View\View->render('kunjungan/v_kunjungan', [], true)
 5 APPPATH\Views\template.php(176): view('kunjungan/v_kunjungan')
 6 SYSTEMPATH\View\View.php(234): include('C:\\xampp\\htdocs\\rumahsakitpemweblan\\app\\Views\\template.php')
 7 SYSTEMPATH\View\View.php(237): CodeIgniter\View\View->CodeIgniter\View\{closure}()
 8 SYSTEMPATH\Common.php(1171): CodeIgniter\View\View->render('template', [], true)
 9 APPPATH\Controllers\Penjadwalan.php(16): view('template', [...])
10 SYSTEMPATH\CodeIgniter.php(933): App\Controllers\Penjadwalan->index()
11 SYSTEMPATH\CodeIgniter.php(509): CodeIgniter\CodeIgniter->runController(Object(App\Controllers\Penjadwalan))
12 SYSTEMPATH\CodeIgniter.php(355): CodeIgniter\CodeIgniter->handleRequest(null, Object(Config\Cache), false)
13 SYSTEMPATH\Boot.php(325): CodeIgniter\CodeIgniter->run()
14 SYSTEMPATH\Boot.php(67): CodeIgniter\Boot::runCodeIgniter(Object(CodeIgniter\CodeIgniter))
15 FCPATH\index.php(56): CodeIgniter\Boot::bootWeb(Object(Config\Paths))
CRITICAL - 2024-12-09 08:27:32 --> ParseError: syntax error, unexpected token "return"
[Method: GET, Route: regis-online]
in APPPATH\Controllers\Home.php on line 15.
 1 SYSTEMPATH\Autoloader\Autoloader.php(296): CodeIgniter\Autoloader\Autoloader->includeFile('C:\\xampp\\htdocs\\rumahsakitpemweblan\\app\\Controllers\\Home.php')
 2 SYSTEMPATH\Autoloader\Autoloader.php(272): CodeIgniter\Autoloader\Autoloader->loadInNamespace('App\\Controllers\\Home')
 3 [internal function]: CodeIgniter\Autoloader\Autoloader->loadClass('App\\Controllers\\Home')
 4 SYSTEMPATH\CodeIgniter.php(887): class_exists('\\App\\Controllers\\Home', true)
 5 SYSTEMPATH\CodeIgniter.php(496): CodeIgniter\CodeIgniter->startController()
 6 SYSTEMPATH\CodeIgniter.php(355): CodeIgniter\CodeIgniter->handleRequest(null, Object(Config\Cache), false)
 7 SYSTEMPATH\Boot.php(325): CodeIgniter\CodeIgniter->run()
 8 SYSTEMPATH\Boot.php(67): CodeIgniter\Boot::runCodeIgniter(Object(CodeIgniter\CodeIgniter))
 9 FCPATH\index.php(56): CodeIgniter\Boot::bootWeb(Object(Config\Paths))
WARNING - 2024-12-09 15:14:33 --> [DEPRECATED] strtotime(): Passing null to parameter #1 ($datetime) of type string is deprecated in APPPATH\Models\PasienModel.php on line 24.
 1 APPPATH\Models\PasienModel.php(24): strtotime(null)
 2 APPPATH\Controllers\Home.php(35): App\Models\PasienModel->cekIsPasienAda(null, null)
 3 SYSTEMPATH\CodeIgniter.php(933): App\Controllers\Home->cekPasienLama()
 4 SYSTEMPATH\CodeIgniter.php(509): CodeIgniter\CodeIgniter->runController(Object(App\Controllers\Home))
 5 SYSTEMPATH\CodeIgniter.php(355): CodeIgniter\CodeIgniter->handleRequest(null, Object(Config\Cache), false)
 6 SYSTEMPATH\Boot.php(325): CodeIgniter\CodeIgniter->run()
 7 SYSTEMPATH\Boot.php(67): CodeIgniter\Boot::runCodeIgniter(Object(CodeIgniter\CodeIgniter))
 8 FCPATH\index.php(56): CodeIgniter\Boot::bootWeb(Object(Config\Paths))
WARNING - 2024-12-09 15:14:45 --> [DEPRECATED] strtotime(): Passing null to parameter #1 ($datetime) of type string is deprecated in APPPATH\Models\PasienModel.php on line 24.
 1 APPPATH\Models\PasienModel.php(24): strtotime(null)
 2 APPPATH\Controllers\Home.php(35): App\Models\PasienModel->cekIsPasienAda(null, null)
 3 SYSTEMPATH\CodeIgniter.php(933): App\Controllers\Home->cekPasienLama()
 4 SYSTEMPATH\CodeIgniter.php(509): CodeIgniter\CodeIgniter->runController(Object(App\Controllers\Home))
 5 SYSTEMPATH\CodeIgniter.php(355): CodeIgniter\CodeIgniter->handleRequest(null, Object(Config\Cache), false)
 6 SYSTEMPATH\Boot.php(325): CodeIgniter\CodeIgniter->run()
 7 SYSTEMPATH\Boot.php(67): CodeIgniter\Boot::runCodeIgniter(Object(CodeIgniter\CodeIgniter))
 8 FCPATH\index.php(56): CodeIgniter\Boot::bootWeb(Object(Config\Paths))
DEBUG - 2024-12-09 15:20:34 --> NIK: , Tanggal Lahir: 
DEBUG - 2024-12-09 15:20:48 --> NIK: , Tanggal Lahir: 
DEBUG - 2024-12-09 15:22:43 --> NIK: , Tanggal Lahir: 
DEBUG - 2024-12-09 15:22:49 --> NIK: , Tanggal Lahir: 
CRITICAL - 2024-12-09 15:27:40 --> ErrorException: unlink(C:\xampp\htdocs\rumahsakitpemweblan\writable\debugbar/debugbar_1733757596.665176.json): No such file or directory
[Method: GET, Route: /]
in SYSTEMPATH\Debug\Toolbar\Collectors\History.php on line 82.
 1 [internal function]: CodeIgniter\Debug\Exceptions->errorHandler(2, 'unlink(C:\\xampp\\htdocs\\rumahsakitpemweblan\\writable\\debugbar/debugbar_1733757596.665176.json): No such file or directory', 'C:\\xampp\\htdocs\\rumahsakitpemweblan\\system\\Debug\\Toolbar\\Collectors\\History.php', 82)
 2 SYSTEMPATH\Debug\Toolbar\Collectors\History.php(82): unlink('C:\\xampp\\htdocs\\rumahsakitpemweblan\\writable\\debugbar/debugbar_1733757596.665176.json')
 3 SYSTEMPATH\Debug\Toolbar.php(518): CodeIgniter\Debug\Toolbar\Collectors\History->setFiles('1733758059.931218', 20)
 4 SYSTEMPATH\Debug\Toolbar.php(497): CodeIgniter\Debug\Toolbar->format([...], 'html')
 5 APPPATH\Config\Events.php(47): CodeIgniter\Debug\Toolbar->respond()
 6 SYSTEMPATH\Events\Events.php(155): CodeIgniter\Events\Events::Config\{closure}()
 7 SYSTEMPATH\CodeIgniter.php(340): CodeIgniter\Events\Events::trigger('pre_system')
 8 SYSTEMPATH\Boot.php(325): CodeIgniter\CodeIgniter->run()
 9 SYSTEMPATH\Boot.php(67): CodeIgniter\Boot::runCodeIgniter(Object(CodeIgniter\CodeIgniter))
10 FCPATH\index.php(56): CodeIgniter\Boot::bootWeb(Object(Config\Paths))
DEBUG - 2024-12-09 15:28:01 --> NIK: , Tanggal Lahir: 
DEBUG - 2024-12-09 15:29:34 --> NIK: , Tanggal Lahir: 
CRITICAL - 2024-12-09 15:35:40 --> Error: Object of class CodeIgniter\Database\MySQLi\Connection could not be converted to string
[Method: POST, Route: cekpasien]
in APPPATH\Controllers\Home.php on line 44.
 1 SYSTEMPATH\CodeIgniter.php(933): App\Controllers\Home->cekPasienLama()
 2 SYSTEMPATH\CodeIgniter.php(509): CodeIgniter\CodeIgniter->runController(Object(App\Controllers\Home))
 3 SYSTEMPATH\CodeIgniter.php(355): CodeIgniter\CodeIgniter->handleRequest(null, Object(Config\Cache), false)
 4 SYSTEMPATH\Boot.php(325): CodeIgniter\CodeIgniter->run()
 5 SYSTEMPATH\Boot.php(67): CodeIgniter\Boot::runCodeIgniter(Object(CodeIgniter\CodeIgniter))
 6 FCPATH\index.php(56): CodeIgniter\Boot::bootWeb(Object(Config\Paths))
CRITICAL - 2024-12-09 15:35:45 --> Error: Object of class CodeIgniter\Database\MySQLi\Connection could not be converted to string
[Method: POST, Route: cekpasien]
in APPPATH\Controllers\Home.php on line 44.
 1 SYSTEMPATH\CodeIgniter.php(933): App\Controllers\Home->cekPasienLama()
 2 SYSTEMPATH\CodeIgniter.php(509): CodeIgniter\CodeIgniter->runController(Object(App\Controllers\Home))
 3 SYSTEMPATH\CodeIgniter.php(355): CodeIgniter\CodeIgniter->handleRequest(null, Object(Config\Cache), false)
 4 SYSTEMPATH\Boot.php(325): CodeIgniter\CodeIgniter->run()
 5 SYSTEMPATH\Boot.php(67): CodeIgniter\Boot::runCodeIgniter(Object(CodeIgniter\CodeIgniter))
 6 FCPATH\index.php(56): CodeIgniter\Boot::bootWeb(Object(Config\Paths))
CRITICAL - 2024-12-09 15:59:03 --> ErrorException: unlink(C:\xampp\htdocs\rumahsakitpemweblan\writable\debugbar/debugbar_1733759688.257362.json): No such file or directory
[Method: GET, Route: /]
in SYSTEMPATH\Debug\Toolbar\Collectors\History.php on line 82.
 1 [internal function]: CodeIgniter\Debug\Exceptions->errorHandler(2, 'unlink(C:\\xampp\\htdocs\\rumahsakitpemweblan\\writable\\debugbar/debugbar_1733759688.257362.json): No such file or directory', 'C:\\xampp\\htdocs\\rumahsakitpemweblan\\system\\Debug\\Toolbar\\Collectors\\History.php', 82)
 2 SYSTEMPATH\Debug\Toolbar\Collectors\History.php(82): unlink('C:\\xampp\\htdocs\\rumahsakitpemweblan\\writable\\debugbar/debugbar_1733759688.257362.json')
 3 SYSTEMPATH\Debug\Toolbar.php(518): CodeIgniter\Debug\Toolbar\Collectors\History->setFiles('1733759943.588428', 20)
 4 SYSTEMPATH\Debug\Toolbar.php(497): CodeIgniter\Debug\Toolbar->format([...], 'html')
 5 APPPATH\Config\Events.php(47): CodeIgniter\Debug\Toolbar->respond()
 6 SYSTEMPATH\Events\Events.php(155): CodeIgniter\Events\Events::Config\{closure}()
 7 SYSTEMPATH\CodeIgniter.php(340): CodeIgniter\Events\Events::trigger('pre_system')
 8 SYSTEMPATH\Boot.php(325): CodeIgniter\CodeIgniter->run()
 9 SYSTEMPATH\Boot.php(67): CodeIgniter\Boot::runCodeIgniter(Object(CodeIgniter\CodeIgniter))
10 FCPATH\index.php(56): CodeIgniter\Boot::bootWeb(Object(Config\Paths))
CRITICAL - 2024-12-09 16:02:01 --> CodeIgniter\Database\Exceptions\DatabaseException: You must set the database table to be used with your query.
[Method: POST, Route: cekpasien]
in SYSTEMPATH\Database\BaseConnection.php on line 927.
 1 SYSTEMPATH\Model.php(716): CodeIgniter\Database\BaseConnection->table(null)
 2 SYSTEMPATH\Model.php(922): CodeIgniter\Model->builder()
 3 APPPATH\Controllers\Home.php(52): CodeIgniter\Model->__call('where', [...])
 4 SYSTEMPATH\CodeIgniter.php(933): App\Controllers\Home->cekPasienLama()
 5 SYSTEMPATH\CodeIgniter.php(509): CodeIgniter\CodeIgniter->runController(Object(App\Controllers\Home))
 6 SYSTEMPATH\CodeIgniter.php(355): CodeIgniter\CodeIgniter->handleRequest(null, Object(Config\Cache), false)
 7 SYSTEMPATH\Boot.php(325): CodeIgniter\CodeIgniter->run()
 8 SYSTEMPATH\Boot.php(67): CodeIgniter\Boot::runCodeIgniter(Object(CodeIgniter\CodeIgniter))
 9 FCPATH\index.php(56): CodeIgniter\Boot::bootWeb(Object(Config\Paths))
